# JRE version: Java(TM) SE Runtime Environment (8.0_172-b11) (build 1.8.0_172-b11)
# Java VM: Java HotSpot(TM) 64-Bit Server VM (25.172-b11 mixed mode windows-amd64 compressed oops)
Heap:
 PSYoungGen      total 114688K, used 90897K [0x0000000740600000, 0x0000000748600000, 0x00000007c0000000)
  eden space 98304K, 88% used [0x0000000740600000,0x0000000745abedd8,0x0000000746600000)
  from space 16384K, 25% used [0x0000000747600000,0x0000000747a05690,0x0000000748600000)
  to   space 16384K, 0% used [0x0000000746600000,0x0000000746600000,0x0000000747600000)
 ParOldGen       total 262144K, used 88K [0x0000000641200000, 0x0000000651200000, 0x0000000740600000)
  object space 262144K, 0% used [0x0000000641200000,0x0000000641216010,0x0000000651200000)
 Metaspace       used 10440K, capacity 10738K, committed 11008K, reserved 1058816K
  class space    used 1154K, capacity 1225K, committed 1280K, reserved 1048576K
GC Heap History (4 events):
Event: 1.392 GC heap before
{Heap before GC invocations=1 (full 0):
 PSYoungGen      total 114688K, used 98304K [0x0000000740600000, 0x0000000748600000, 0x00000007c0000000)
  eden space 98304K, 100% used [0x0000000740600000,0x0000000746600000,0x0000000746600000)
  from space 16384K, 0% used [0x0000000747600000,0x0000000747600000,0x0000000748600000)
  to   space 16384K, 0% used [0x0000000746600000,0x0000000746600000,0x0000000747600000)
 ParOldGen       total 262144K, used 0K [0x0000000641200000, 0x0000000651200000, 0x0000000740600000)
  object space 262144K, 0% used [0x0000000641200000,0x0000000641200000,0x0000000651200000)
 Metaspace       used 10405K, capacity 10668K, committed 10752K, reserved 1058816K
  class space    used 1151K, capacity 1224K, committed 1280K, reserved 1048576K
Event: 1.395 GC heap after
Heap after GC invocations=1 (full 0):
 PSYoungGen      total 114688K, used 4352K [0x0000000740600000, 0x0000000748600000, 0x00000007c0000000)
  eden space 98304K, 0% used [0x0000000740600000,0x0000000740600000,0x0000000746600000)
  from space 16384K, 26% used [0x0000000746600000,0x0000000746a40330,0x0000000747600000)
  to   space 16384K, 0% used [0x0000000747600000,0x0000000747600000,0x0000000748600000)
 ParOldGen       total 262144K, used 80K [0x0000000641200000, 0x0000000651200000, 0x0000000740600000)
  object space 262144K, 0% used [0x0000000641200000,0x0000000641214010,0x0000000651200000)
 Metaspace       used 10405K, capacity 10668K, committed 10752K, reserved 1058816K
  class space    used 1151K, capacity 1224K, committed 1280K, reserved 1048576K
}
Event: 1.628 GC heap before
{Heap before GC invocations=2 (full 0):
 PSYoungGen      total 114688K, used 102656K [0x0000000740600000, 0x0000000748600000, 0x00000007c0000000)
  eden space 98304K, 100% used [0x0000000740600000,0x0000000746600000,0x0000000746600000)
  from space 16384K, 26% used [0x0000000746600000,0x0000000746a40330,0x0000000747600000)
  to   space 16384K, 0% used [0x0000000747600000,0x0000000747600000,0x0000000748600000)
 ParOldGen       total 262144K, used 80K [0x0000000641200000, 0x0000000651200000, 0x0000000740600000)
  object space 262144K, 0% used [0x0000000641200000,0x0000000641214010,0x0000000651200000)
 Metaspace       used 10414K, capacity 10668K, committed 10752K, reserved 1058816K
  class space    used 1151K, capacity 1224K, committed 1280K, reserved 1048576K
Event: 1.631 GC heap after
Heap after GC invocations=2 (full 0):
 PSYoungGen      total 114688K, used 4117K [0x0000000740600000, 0x0000000748600000, 0x00000007c0000000)
  eden space 98304K, 0% used [0x0000000740600000,0x0000000740600000,0x0000000746600000)
  from space 16384K, 25% used [0x0000000747600000,0x0000000747a05690,0x0000000748600000)
  to   space 16384K, 0% used [0x0000000746600000,0x0000000746600000,0x0000000747600000)
 ParOldGen       total 262144K, used 88K [0x0000000641200000, 0x0000000651200000, 0x0000000740600000)
  object space 262144K, 0% used [0x0000000641200000,0x0000000641216010,0x0000000651200000)
 Metaspace       used 10414K, capacity 10668K, committed 10752K, reserved 1058816K
  class space    used 1151K, capacity 1224K, committed 1280K, reserved 1048576K
}

